This is XeTeX, Version 3.141592653-2.6-0.999998 (TeX Live 2026) (preloaded format=xelatex 2026.3.29)  15 MAY 2026 19:27
entering extended mode
 restricted \write18 enabled.
 %&-line parsing enabled.
**test.tex
(/usr/local/texlive/2026/texmf-dist/tex/latex/tools/x.tex
LaTeX2e <2025-11-01>
L3 programming layer <2026-01-19>

! .
l.38   \batchmode \errmessage{}
                               \csname @@end\endcsname \end
This error message was generated by an \errmessage
command, so I can't give any explicit help.
Pretend that you're Hercule Poirot: Examine all clues,
and deduce the truth by order and method.

 ) 
Here is how much of TeX's memory you used:
 15 strings out of 468168
 389 string characters out of 5432815
 426408 words of memory out of 5000000
 28838 multiletter control sequences out of 15000+600000
 627721 words of font info for 40 fonts, out of 8000000 for 9000
 1348 hyphenation exceptions out of 8191
 11i,0n,13p,88b,8s stack positions out of 10000i,1000n,20000p,200000b,200000s

No pages of output.
